Using pre-set license
Built from '2020.3/staging' branch; Version is '2020.3.17f1 (a4537701e4ab) revision 10769271'; Using compiler version '192528614'; Build Type 'Release'
OS: 'Windows 10 Home; OS build 19042.1165; Version 2009; 64bit' Language: 'en' Physical Memory: 16303 MB
BatchMode: 1, IsHumanControllingUs: 0, StartBugReporterOnCrash: 0, Is64bit: 1, IsPro: 0

COMMAND LINE ARGUMENTS:
D:\2020.3.16f1\Editor\Unity.exe
-adb2
-batchMode
-noUpm
-name
AssetImportWorker0
-projectPath
D:/Unity projects/Cube game
-logFile
Logs/AssetImportWorker0.log
-srvPort
51073
Successfully changed project path to: D:/Unity projects/Cube game
D:/Unity projects/Cube game
Using Asset Import Pipeline V2.
Refreshing native plugins compatible for Editor in 27.32 ms, found 2 plugins.
Preloading 0 native plugins for Editor in 0.00 ms.
Initialize engine version: 2020.3.17f1 (a4537701e4ab)
[Subsystems] Discovering subsystems at path D:/2020.3.16f1/Editor/Data/Resources/UnitySubsystems
[Subsystems] Discovering subsystems at path D:/Unity projects/Cube game/Assets
GfxDevice: creating device client; threaded=0
Direct3D:
    Version:  Direct3D 11.0 [level 11.1]
    Renderer: NVIDIA GeForce RTX 2060 (ID=0x1f51)
    Vendor:   
    VRAM:     5980 MB
    Driver:   27.21.14.6627
Initialize mono
Mono path[0] = 'D:/2020.3.16f1/Editor/Data/Managed'
Mono path[1] = 'D:/2020.3.16f1/Editor/Data/MonoBleedingEdge/lib/mono/unityjit'
Mono config path = 'D:/2020.3.16f1/Editor/Data/MonoBleedingEdge/etc'
Using monoOptions --debugger-agent=transport=dt_socket,embedding=1,server=y,suspend=n,address=127.0.0.1:56136
Begin MonoManager ReloadAssembly
Registering precompiled unity dll's ...
Register platform support module: D:/2020.3.16f1/Editor/Data/PlaybackEngines/WindowsStandaloneSupport/UnityEditor.WindowsStandalone.Extensions.dll
Registered in 0.001396 seconds.
Native extension for WindowsStandalone target not found
Refreshing native plugins compatible for Editor in 27.15 ms, found 2 plugins.
Preloading 0 native plugins for Editor in 0.00 ms.
Mono: successfully reloaded assembly
- Completed reload, in  1.395 seconds
Domain Reload Profiling:
	ReloadAssembly (1395ms)
		BeginReloadAssembly (72ms)
			ExecutionOrderSort (0ms)
			DisableScriptedObjects (0ms)
			BackupInstance (0ms)
			ReleaseScriptingObjects (0ms)
			CreateAndSetChildDomain (1ms)
		EndReloadAssembly (386ms)
			LoadAssemblies (71ms)
			RebuildTransferFunctionScriptingTraits (0ms)
			SetupTypeCache (151ms)
			ReleaseScriptCaches (0ms)
			RebuildScriptCaches (31ms)
			SetupLoadedEditorAssemblies (140ms)
				LogAssemblyErrors (0ms)
				InitializePlatformSupportModulesInManaged (3ms)
				SetLoadedEditorAssemblies (0ms)
				RefreshPlugins (27ms)
				BeforeProcessingInitializeOnLoad (12ms)
				ProcessInitializeOnLoadAttributes (73ms)
				ProcessInitializeOnLoadMethodAttributes (25ms)
				AfterProcessingInitializeOnLoad (0ms)
				EditorAssembliesLoaded (0ms)
			ExecutionOrderSort2 (0ms)
			AwakeInstancesAfterBackupRestoration (0ms)
Platform modules already initialized, skipping
Registering precompiled user dll's ...
Registered in 0.004502 seconds.
Begin MonoManager ReloadAssembly
Native extension for WindowsStandalone target not found
Refreshing native plugins compatible for Editor in 0.37 ms, found 2 plugins.
Preloading 0 native plugins for Editor in 0.00 ms.
Mono: successfully reloaded assembly
- Completed reload, in  0.985 seconds
Domain Reload Profiling:
	ReloadAssembly (986ms)
		BeginReloadAssembly (158ms)
			ExecutionOrderSort (0ms)
			DisableScriptedObjects (4ms)
			BackupInstance (0ms)
			ReleaseScriptingObjects (0ms)
			CreateAndSetChildDomain (18ms)
		EndReloadAssembly (777ms)
			LoadAssemblies (101ms)
			RebuildTransferFunctionScriptingTraits (0ms)
			SetupTypeCache (250ms)
			ReleaseScriptCaches (0ms)
			RebuildScriptCaches (38ms)
			SetupLoadedEditorAssemblies (325ms)
				LogAssemblyErrors (0ms)
				InitializePlatformSupportModulesInManaged (4ms)
				SetLoadedEditorAssemblies (0ms)
				RefreshPlugins (0ms)
				BeforeProcessingInitializeOnLoad (74ms)
				ProcessInitializeOnLoadAttributes (239ms)
				ProcessInitializeOnLoadMethodAttributes (4ms)
				AfterProcessingInitializeOnLoad (2ms)
				EditorAssembliesLoaded (0ms)
			ExecutionOrderSort2 (0ms)
			AwakeInstancesAfterBackupRestoration (6ms)
Platform modules already initialized, skipping
========================================================================
Worker process is ready to serve import requests
Launched and connected shader compiler UnityShaderCompiler.exe after 0.07 seconds
Refreshing native plugins compatible for Editor in 0.32 ms, found 2 plugins.
Preloading 0 native plugins for Editor in 0.00 ms.
Unloading 1400 Unused Serialized files (Serialized files now loaded: 0)
System memory in use before: 64.9 MB.
System memory in use after: 65.0 MB.

Unloading 18 unused Assets to reduce memory usage. Loaded Objects now: 1833.
Total: 2.638000 ms (FindLiveObjects: 0.181800 ms CreateObjectMapping: 0.038900 ms MarkObjects: 2.348400 ms  DeleteObjects: 0.067600 ms)

AssetImportParameters requested are different than current active one (requested -> active):
  custom:framework-win-MediaFoundation: 216162199b28c13a410421893ffa2e32 -> 
  custom:video-decoder-ogg-theora: a1e56fd34408186e4bbccfd4996cb3dc -> 
  custom:container-muxer-webm: aa71ff27fc2769a1b78a27578f13a17b -> 
  custom:container-demuxer-webm: 4f35f7cbe854078d1ac9338744f61a02 -> 
  custom:container-demuxer-ogg: 62fdf1f143b41e24485cea50d1cbac27 -> 
  custom:video-encoder-webm-vp8: eb34c28f22e8b96e1ab97ce403110664 -> 
  custom:video-codec-MediaFoundation-h265: 746d11721c4dcdbdad8f713fa42b33f4 -> 
  custom:video-decoder-webm-vp8: 9c59270c3fd7afecdb556c50c9e8de78 -> 
  custom:audio-decoder-ogg-vorbis: bf7c407c2cedff20999df2af8eb42d56 -> 
  custom:audio-encoder-webm-vorbis: bf7c407c2cedff20999df2af8eb42d56 -> 
========================================================================
Received Import Request.
  path: Assets/New Material.mat
  artifactKey: Guid(f7ca1ab56a8e2b045a481c06307354eb) Importer(815301076,1909f56bfc062723c751e8b465ee728b)
Start importing Assets/New Material.mat using Guid(f7ca1ab56a8e2b045a481c06307354eb) Importer(815301076,1909f56bfc062723c751e8b465ee728b)  -> (artifact id: '73ee4cf0504408aed1df906dc9572d84') in 0.114393 seconds 
  Import took 0.201440 seconds .

========================================================================
Received Import Request.
  Time since last request: 77.639538 seconds.
  path: Assets/PlayerMovement 2.cs
  artifactKey: Guid(77450400c6ed4334b9cfe805bec43666) Importer(815301076,1909f56bfc062723c751e8b465ee728b)
Start importing Assets/PlayerMovement 2.cs using Guid(77450400c6ed4334b9cfe805bec43666) Importer(815301076,1909f56bfc062723c751e8b465ee728b)  -> (artifact id: 'f55cd3d44c1aa8fb7e1f5cf5865d674a') in 0.006994 seconds 
  Import took 0.103117 seconds .

========================================================================
Received Import Request.
  Time since last request: 255.970813 seconds.
  path: Assets/playermovement.cs
  artifactKey: Guid(f6fe8ba907a8fa148a7e107f977b397b) Importer(815301076,1909f56bfc062723c751e8b465ee728b)
Start importing Assets/playermovement.cs using Guid(f6fe8ba907a8fa148a7e107f977b397b) Importer(815301076,1909f56bfc062723c751e8b465ee728b)  -> (artifact id: '095b32ff5da5075e170a984f4ca176ee') in 0.003425 seconds 
  Import took 0.010503 seconds .

========================================================================
Received Import Request.
  Time since last request: 0.021300 seconds.
  path: Assets/playermovement.cs
  artifactKey: Guid(f6fe8ba907a8fa148a7e107f977b397b) Importer(815301076,1909f56bfc062723c751e8b465ee728b)
Start importing Assets/playermovement.cs using Guid(f6fe8ba907a8fa148a7e107f977b397b) Importer(815301076,1909f56bfc062723c751e8b465ee728b)  -> (artifact id: '095b32ff5da5075e170a984f4ca176ee') in 0.003158 seconds 
  Import took 0.006418 seconds .

========================================================================
Received Import Request.
  Time since last request: 236.772963 seconds.
  path: Assets/New Physic Material.physicMaterial
  artifactKey: Guid(1321a584eb335de42a423f691d9e37e0) Importer(815301076,1909f56bfc062723c751e8b465ee728b)
Start importing Assets/New Physic Material.physicMaterial using Guid(1321a584eb335de42a423f691d9e37e0) Importer(815301076,1909f56bfc062723c751e8b465ee728b)  -> (artifact id: '2d2db52f2d186a7736d1eaac1c8f52cc') in 0.012407 seconds 
  Import took 0.017594 seconds .

========================================================================
Received Import Request.
  Time since last request: 0.004031 seconds.
  path: Assets/New Physic Material.physicMaterial
  artifactKey: Guid(1321a584eb335de42a423f691d9e37e0) Importer(815301076,1909f56bfc062723c751e8b465ee728b)
Start importing Assets/New Physic Material.physicMaterial using Guid(1321a584eb335de42a423f691d9e37e0) Importer(815301076,1909f56bfc062723c751e8b465ee728b)  -> (artifact id: '2d2db52f2d186a7736d1eaac1c8f52cc') in 0.002935 seconds 
  Import took 0.005070 seconds .

========================================================================
Received Import Request.
  Time since last request: 437.668496 seconds.
  path: Assets/PlayerMovement2.cs
  artifactKey: Guid(77450400c6ed4334b9cfe805bec43666) Importer(815301076,1909f56bfc062723c751e8b465ee728b)
Start importing Assets/PlayerMovement2.cs using Guid(77450400c6ed4334b9cfe805bec43666) Importer(815301076,1909f56bfc062723c751e8b465ee728b)  -> (artifact id: '422db7e28a501430a9c5fec314d66a6e') in 0.003257 seconds 
  Import took 0.005962 seconds .

========================================================================
Received Import Request.
  Time since last request: 555.713560 seconds.
  path: Assets/FollowPlayer.cs
  artifactKey: Guid(8bf9818a2acc02b4481e0b657822d3a6) Importer(815301076,1909f56bfc062723c751e8b465ee728b)
Start importing Assets/FollowPlayer.cs using Guid(8bf9818a2acc02b4481e0b657822d3a6) Importer(815301076,1909f56bfc062723c751e8b465ee728b)  -> (artifact id: 'b836aea2b35865c24f1aaf894e065da7') in 0.003512 seconds 
  Import took 0.078514 seconds .

========================================================================
Received Import Request.
  Time since last request: 146.396932 seconds.
  path: Assets/New Physic Material.physicMaterial
  artifactKey: Guid(1321a584eb335de42a423f691d9e37e0) Importer(815301076,1909f56bfc062723c751e8b465ee728b)
Start importing Assets/New Physic Material.physicMaterial using Guid(1321a584eb335de42a423f691d9e37e0) Importer(815301076,1909f56bfc062723c751e8b465ee728b)  -> (artifact id: 'f61da140618cd4c34e5586dae7c7efeb') in 0.002913 seconds 
  Import took 0.005158 seconds .

========================================================================
Received Import Request.
  Time since last request: 1069.987229 seconds.
  path: Assets/PlayerMovement 2.cs
  artifactKey: Guid(eeb44e3cb0149a54c85843bde96a6f1d) Importer(815301076,1909f56bfc062723c751e8b465ee728b)
Start importing Assets/PlayerMovement 2.cs using Guid(eeb44e3cb0149a54c85843bde96a6f1d) Importer(815301076,1909f56bfc062723c751e8b465ee728b)  -> (artifact id: '6c3b264e8b460bc66dbf0b3ab1cd7968') in 0.002277 seconds 
  Import took 0.004868 seconds .

========================================================================
Received Import Request.
  Time since last request: 0.000689 seconds.
  path: Assets/PlayerMovement 2.cs
  artifactKey: Guid(eeb44e3cb0149a54c85843bde96a6f1d) Importer(815301076,1909f56bfc062723c751e8b465ee728b)
Start importing Assets/PlayerMovement 2.cs using Guid(eeb44e3cb0149a54c85843bde96a6f1d) Importer(815301076,1909f56bfc062723c751e8b465ee728b)  -> (artifact id: '6c3b264e8b460bc66dbf0b3ab1cd7968') in 0.002256 seconds 
  Import took 0.004571 seconds .

AssetImportWorkerClient::OnTransportError - code=2 error=End of file
